<?xml version="1.0" encoding="UTF-8"?>
<robot generator="Robot 7.1.1 (Python 3.13.1 on win32)" generated="2025-02-12T12:43:26.896002" rpa="false" schemaversion="5">
<suite id="s1" name="Test Highlight View" source="C:\SoftEn\git-group-repository-group-5-sec-2\Test\test_highlight_view">
<suite id="s1-s1" name="Invalid Highlight Test" source="C:\SoftEn\git-group-repository-group-5-sec-2\Test\test_highlight_view\invalid_highlight_test.robot">
<test id="s1-s1-t1" name="Test Invalid Highlight Paper Image Click" line="6">
<kw name="Open Web Page" owner="resource">
<kw name="Open Browser" owner="SeleniumLibrary">
<msg time="2025-02-12T12:43:27.567725" level="INFO">Opening browser 'Chrome' to base url 'http://127.0.0.1:8000/'.</msg>
<msg time="2025-02-12T12:43:36.291241" level="INFO" html="true">&lt;/td&gt;&lt;/tr&gt;&lt;tr&gt;&lt;td colspan="3"&gt;&lt;a href="selenium-screenshot-1.png"&gt;&lt;img src="selenium-screenshot-1.png" width="800px"&gt;&lt;/a&gt;</msg>
<msg time="2025-02-12T12:43:36.291447" level="FAIL">WebDriverException: Message: unknown error: net::ERR_CONNECTION_REFUSED
  (Session info: chrome=133.0.6943.59)
Stacktrace:
	GetHandleVerifier [0x00007FF69D5D2EC5+28789]
	(No symbol) [0x00007FF69D53F870]
	(No symbol) [0x00007FF69D3D8F9A]
	(No symbol) [0x00007FF69D3D5936]
	(No symbol) [0x00007FF69D3C6709]
	(No symbol) [0x00007FF69D3C8478]
	(No symbol) [0x00007FF69D3C6A16]
	(No symbol) [0x00007FF69D3C6496]
	(No symbol) [0x00007FF69D3C615A]
	(No symbol) [0x00007FF69D3C3CEE]
	(No symbol) [0x00007FF69D3C45CC]
	(No symbol) [0x00007FF69D3DCDEA]
	(No symbol) [0x00007FF69D48057E]
	(No symbol) [0x00007FF69D45721A]
	(No symbol) [0x00007FF69D47F6C3]
	(No symbol) [0x00007FF69D456FF3]
	(No symbol) [0x00007FF69D41FF0E]
	(No symbol) [0x00007FF69D421193]
	GetHandleVerifier [0x00007FF69D91D5FD+3479469]
	GetHandleVerifier [0x00007FF69D9371A3+3584851]
	GetHandleVerifier [0x00007FF69D92C44D+3540477]
	GetHandleVerifier [0x00007FF69D698B6A+838938]
	(No symbol) [0x00007FF69D54A4EF]
	(No symbol) [0x00007FF69D546954]
	(No symbol) [0x00007FF69D546AF6]
	(No symbol) [0x00007FF69D536499]
	BaseThreadInitThunk [0x00007FFEB0C2E8D7+23]
	RtlUserThreadStart [0x00007FFEB2DBBF2C+44]
</msg>
<arg>${URL}</arg>
<arg>${BROWSER}</arg>
<doc>Opens a new browser instance to the optional ``url``.</doc>
<status status="FAIL" start="2025-02-12T12:43:27.567392" elapsed="8.815939">WebDriverException: Message: unknown error: net::ERR_CONNECTION_REFUSED
  (Session info: chrome=133.0.6943.59)
Stacktrace:
	GetHandleVerifier [0x00007FF69D5D2EC5+28789]
	(No symbol) [0x00007FF69D53F870]
	(No symbol) [0x00007FF69D3D8F9A]
	(No symbol) [0x00007FF69D3D5936]
	(No symbol) [0x00007FF69D3C6709]
	(No symbol) [0x00007FF69D3C8478]
	(No symbol) [0x00007FF69D3C6A16]
	(No symbol) [0x00007FF69D3C6496]
	(No symbol) [0x00007FF69D3C615A]
	(No symbol) [0x00007FF69D3C3CEE]
	(No symbol) [0x00007FF69D3C45CC]
	(No symbol) [0x00007FF69D3DCDEA]
	(No symbol) [0x00007FF69D48057E]
	(No symbol) [0x00007FF69D45721A]
	(No symbol) [0x00007FF69D47F6C3]
	(No symbol) [0x00007FF69D456FF3]
	(No symbol) [0x00007FF69D41FF0E]
	(No symbol) [0x00007FF69D421193]
	GetHandleVerifier [0x00007FF69D91D5FD+3479469]
	GetHandleVerifier [0x00007FF69D9371A3+3584851]
	GetHandleVerifier [0x00007FF69D92C44D+3540477]
	GetHandleVerifier [0x00007FF69D698B6A+838938]
	(No symbol) [0x00007FF69D54A4EF]
	(No symbol) [0x00007FF69D546954]
	(No symbol) [0x00007FF69D546AF6]
	(No symbol) [0x00007FF69D536499]
	BaseThreadInitThunk [0x00007FFEB0C2E8D7+23]
	RtlUserThreadStart [0x00007FFEB2DBBF2C+44]
</status>
</kw>
<kw name="Maximize Browser Window" owner="SeleniumLibrary">
<doc>Maximizes current browser window.</doc>
<status status="NOT RUN" start="2025-02-12T12:43:36.383591" elapsed="0.000038"/>
</kw>
<kw name="Sleep" owner="BuiltIn">
<arg>2s</arg>
<doc>Pauses the test executed for the given time.</doc>
<status status="NOT RUN" start="2025-02-12T12:43:36.383739" elapsed="0.000029"/>
</kw>
<kw name="Wait Until Page Contains Element" owner="SeleniumLibrary">
<arg>${IMAGE}</arg>
<arg>timeout=5s</arg>
<doc>Waits until the element ``locator`` appears on the current page.</doc>
<status status="NOT RUN" start="2025-02-12T12:43:36.383912" elapsed="0.000046"/>
</kw>
<status status="FAIL" start="2025-02-12T12:43:27.565813" elapsed="8.818324">WebDriverException: Message: unknown error: net::ERR_CONNECTION_REFUSED
  (Session info: chrome=133.0.6943.59)
Stacktrace:
	GetHandleVerifier [0x00007FF69D5D2EC5+28789]
	(No symbol) [0x00007FF69D53F870]
	(No symbol) [0x00007FF69D3D8F9A]
	(No symbol) [0x00007FF69D3D5936]
	(No symbol) [0x00007FF69D3C6709]
	(No symbol) [0x00007FF69D3C8478]
	(No symbol) [0x00007FF69D3C6A16]
	(No symbol) [0x00007FF69D3C6496]
	(No symbol) [0x00007FF69D3C615A]
	(No symbol) [0x00007FF69D3C3CEE]
	(No symbol) [0x00007FF69D3C45CC]
	(No symbol) [0x00007FF69D3DCDEA]
	(No symbol) [0x00007FF69D48057E]
	(No symbol) [0x00007FF69D45721A]
	(No symbol) [0x00007FF69D47F6C3]
	(No symbol) [0x00007FF69D456FF3]
	(No symbol) [0x00007FF69D41FF0E]
	(No symbol) [0x00007FF69D421193]
	GetHandleVerifier [0x00007FF69D91D5FD+3479469]
	GetHandleVerifier [0x00007FF69D9371A3+3584851]
	GetHandleVerifier [0x00007FF69D92C44D+3540477]
	GetHandleVerifier [0x00007FF69D698B6A+838938]
	(No symbol) [0x00007FF69D54A4EF]
	(No symbol) [0x00007FF69D546954]
	(No symbol) [0x00007FF69D546AF6]
	(No symbol) [0x00007FF69D536499]
	BaseThreadInitThunk [0x00007FFEB0C2E8D7+23]
	RtlUserThreadStart [0x00007FFEB2DBBF2C+44]
</status>
</kw>
<kw name="Click Invalid Highlight Paper Image" owner="resource">
<status status="NOT RUN" start="2025-02-12T12:43:36.384719" elapsed="0.000057"/>
</kw>
<kw name="Close Browser" owner="SeleniumLibrary">
<doc>Closes the current browser.</doc>
<status status="NOT RUN" start="2025-02-12T12:43:36.385210" elapsed="0.000031"/>
</kw>
<status status="FAIL" start="2025-02-12T12:43:27.564328" elapsed="8.821270">WebDriverException: Message: unknown error: net::ERR_CONNECTION_REFUSED
  (Session info: chrome=133.0.6943.59)
Stacktrace:
	GetHandleVerifier [0x00007FF69D5D2EC5+28789]
	(No symbol) [0x00007FF69D53F870]
	(No symbol) [0x00007FF69D3D8F9A]
	(No symbol) [0x00007FF69D3D5936]
	(No symbol) [0x00007FF69D3C6709]
	(No symbol) [0x00007FF69D3C8478]
	(No symbol) [0x00007FF69D3C6A16]
	(No symbol) [0x00007FF69D3C6496]
	(No symbol) [0x00007FF69D3C615A]
	(No symbol) [0x00007FF69D3C3CEE]
	(No symbol) [0x00007FF69D3C45CC]
	(No symbol) [0x00007FF69D3DCDEA]
	(No symbol) [0x00007FF69D48057E]
	(No symbol) [0x00007FF69D45721A]
	(No symbol) [0x00007FF69D47F6C3]
	(No symbol) [0x00007FF69D456FF3]
	(No symbol) [0x00007FF69D41FF0E]
	(No symbol) [0x00007FF69D421193]
	GetHandleVerifier [0x00007FF69D91D5FD+3479469]
	GetHandleVerifier [0x00007FF69D9371A3+3584851]
	GetHandleVerifier [0x00007FF69D92C44D+3540477]
	GetHandleVerifier [0x00007FF69D698B6A+838938]
	(No symbol) [0x00007FF69D54A4EF]
	(No symbol) [0x00007FF69D546954]
	(No symbol) [0x00007FF69D546AF6]
	(No symbol) [0x00007FF69D536499]
	BaseThreadInitThunk [0x00007FFEB0C2E8D7+23]
	RtlUserThreadStart [0x00007FFEB2DBBF2C+44]
</status>
</test>
<test id="s1-s1-t2" name="Test Invalid Author Name Click" line="11">
<kw name="Open Web Page" owner="resource">
<kw name="Open Browser" owner="SeleniumLibrary">
<msg time="2025-02-12T12:43:36.387935" level="INFO">Opening browser 'Chrome' to base url 'http://127.0.0.1:8000/'.</msg>
<arg>${URL}</arg>
<arg>${BROWSER}</arg>
<doc>Opens a new browser instance to the optional ``url``.</doc>
<status status="PASS" start="2025-02-12T12:43:36.387709" elapsed="5.038188"/>
</kw>
<kw name="Maximize Browser Window" owner="SeleniumLibrary">
<doc>Maximizes current browser window.</doc>
<status status="PASS" start="2025-02-12T12:43:41.426708" elapsed="0.025791"/>
</kw>
<kw name="Sleep" owner="BuiltIn">
<msg time="2025-02-12T12:43:43.454922" level="INFO">Slept 2 seconds.</msg>
<arg>2s</arg>
<doc>Pauses the test executed for the given time.</doc>
<status status="PASS" start="2025-02-12T12:43:41.453812" elapsed="2.001407"/>
</kw>
<kw name="Wait Until Page Contains Element" owner="SeleniumLibrary">
<msg time="2025-02-12T12:43:43.468324" level="WARN">Keyword 'Capture Page Screenshot' could not be run on failure: Message: no such window: target window already closed
from unknown error: web view not found
  (Session info: chrome=133.0.6943.59)
Stacktrace:
	GetHandleVerifier [0x00007FF69D5D2EC5+28789]
	(No symbol) [0x00007FF69D53F870]
	(No symbol) [0x00007FF69D3D8F9A]
	(No symbol) [0x00007FF69D3B1573]
	(No symbol) [0x00007FF69D45EE0E]
	(No symbol) [0x00007FF69D47EFB2]
	(No symbol) [0x00007FF69D456FF3]
	(No symbol) [0x00007FF69D41FF0E]
	(No symbol) [0x00007FF69D421193]
	GetHandleVerifier [0x00007FF69D91D5FD+3479469]
	GetHandleVerifier [0x00007FF69D9371A3+3584851]
	GetHandleVerifier [0x00007FF69D92C44D+3540477]
	GetHandleVerifier [0x00007FF69D698B6A+838938]
	(No symbol) [0x00007FF69D54A4EF]
	(No symbol) [0x00007FF69D546954]
	(No symbol) [0x00007FF69D546AF6]
	(No symbol) [0x00007FF69D536499]
	BaseThreadInitThunk [0x00007FFEB0C2E8D7+23]
	RtlUserThreadStart [0x00007FFEB2DBBF2C+44]
</msg>
<msg time="2025-02-12T12:43:43.471154" level="FAIL">NoSuchWindowException: Message: no such window: target window already closed
from unknown error: web view not found
  (Session info: chrome=133.0.6943.59)
Stacktrace:
	GetHandleVerifier [0x00007FF69D5D2EC5+28789]
	(No symbol) [0x00007FF69D53F870]
	(No symbol) [0x00007FF69D3D8F9A]
	(No symbol) [0x00007FF69D3B1573]
	(No symbol) [0x00007FF69D45EE0E]
	(No symbol) [0x00007FF69D47EFB2]
	(No symbol) [0x00007FF69D456FF3]
	(No symbol) [0x00007FF69D41FF0E]
	(No symbol) [0x00007FF69D421193]
	GetHandleVerifier [0x00007FF69D91D5FD+3479469]
	GetHandleVerifier [0x00007FF69D9371A3+3584851]
	GetHandleVerifier [0x00007FF69D92C44D+3540477]
	GetHandleVerifier [0x00007FF69D698B6A+838938]
	(No symbol) [0x00007FF69D54A4EF]
	(No symbol) [0x00007FF69D546954]
	(No symbol) [0x00007FF69D546AF6]
	(No symbol) [0x00007FF69D536499]
	BaseThreadInitThunk [0x00007FFEB0C2E8D7+23]
	RtlUserThreadStart [0x00007FFEB2DBBF2C+44]
</msg>
<arg>${IMAGE}</arg>
<arg>timeout=5s</arg>
<doc>Waits until the element ``locator`` appears on the current page.</doc>
<status status="FAIL" start="2025-02-12T12:43:43.455860" elapsed="0.136730">NoSuchWindowException: Message: no such window: target window already closed
from unknown error: web view not found
  (Session info: chrome=133.0.6943.59)
Stacktrace:
	GetHandleVerifier [0x00007FF69D5D2EC5+28789]
	(No symbol) [0x00007FF69D53F870]
	(No symbol) [0x00007FF69D3D8F9A]
	(No symbol) [0x00007FF69D3B1573]
	(No symbol) [0x00007FF69D45EE0E]
	(No symbol) [0x00007FF69D47EFB2]
	(No symbol) [0x00007FF69D456FF3]
	(No symbol) [0x00007FF69D41FF0E]
	(No symbol) [0x00007FF69D421193]
	GetHandleVerifier [0x00007FF69D91D5FD+3479469]
	GetHandleVerifier [0x00007FF69D9371A3+3584851]
	GetHandleVerifier [0x00007FF69D92C44D+3540477]
	GetHandleVerifier [0x00007FF69D698B6A+838938]
	(No symbol) [0x00007FF69D54A4EF]
	(No symbol) [0x00007FF69D546954]
	(No symbol) [0x00007FF69D546AF6]
	(No symbol) [0x00007FF69D536499]
	BaseThreadInitThunk [0x00007FFEB0C2E8D7+23]
	RtlUserThreadStart [0x00007FFEB2DBBF2C+44]
</status>
</kw>
<status status="FAIL" start="2025-02-12T12:43:36.387388" elapsed="7.205393">NoSuchWindowException: Message: no such window: target window already closed
from unknown error: web view not found
  (Session info: chrome=133.0.6943.59)
Stacktrace:
	GetHandleVerifier [0x00007FF69D5D2EC5+28789]
	(No symbol) [0x00007FF69D53F870]
	(No symbol) [0x00007FF69D3D8F9A]
	(No symbol) [0x00007FF69D3B1573]
	(No symbol) [0x00007FF69D45EE0E]
	(No symbol) [0x00007FF69D47EFB2]
	(No symbol) [0x00007FF69D456FF3]
	(No symbol) [0x00007FF69D41FF0E]
	(No symbol) [0x00007FF69D421193]
	GetHandleVerifier [0x00007FF69D91D5FD+3479469]
	GetHandleVerifier [0x00007FF69D9371A3+3584851]
	GetHandleVerifier [0x00007FF69D92C44D+3540477]
	GetHandleVerifier [0x00007FF69D698B6A+838938]
	(No symbol) [0x00007FF69D54A4EF]
	(No symbol) [0x00007FF69D546954]
	(No symbol) [0x00007FF69D546AF6]
	(No symbol) [0x00007FF69D536499]
	BaseThreadInitThunk [0x00007FFEB0C2E8D7+23]
	RtlUserThreadStart [0x00007FFEB2DBBF2C+44]
</status>
</kw>
<kw name="Click Invalid Author Name" owner="resource">
<status status="NOT RUN" start="2025-02-12T12:43:43.593331" elapsed="0.000061"/>
</kw>
<kw name="Close Browser" owner="SeleniumLibrary">
<doc>Closes the current browser.</doc>
<status status="NOT RUN" start="2025-02-12T12:43:43.593746" elapsed="0.000058"/>
</kw>
<status status="FAIL" start="2025-02-12T12:43:36.386812" elapsed="7.207383">NoSuchWindowException: Message: no such window: target window already closed
from unknown error: web view not found
  (Session info: chrome=133.0.6943.59)
Stacktrace:
	GetHandleVerifier [0x00007FF69D5D2EC5+28789]
	(No symbol) [0x00007FF69D53F870]
	(No symbol) [0x00007FF69D3D8F9A]
	(No symbol) [0x00007FF69D3B1573]
	(No symbol) [0x00007FF69D45EE0E]
	(No symbol) [0x00007FF69D47EFB2]
	(No symbol) [0x00007FF69D456FF3]
	(No symbol) [0x00007FF69D41FF0E]
	(No symbol) [0x00007FF69D421193]
	GetHandleVerifier [0x00007FF69D91D5FD+3479469]
	GetHandleVerifier [0x00007FF69D9371A3+3584851]
	GetHandleVerifier [0x00007FF69D92C44D+3540477]
	GetHandleVerifier [0x00007FF69D698B6A+838938]
	(No symbol) [0x00007FF69D54A4EF]
	(No symbol) [0x00007FF69D546954]
	(No symbol) [0x00007FF69D546AF6]
	(No symbol) [0x00007FF69D536499]
	BaseThreadInitThunk [0x00007FFEB0C2E8D7+23]
	RtlUserThreadStart [0x00007FFEB2DBBF2C+44]
</status>
</test>
<test id="s1-s1-t3" name="Test Invalid Next Button Click" line="16">
<kw name="Open Web Page" owner="resource">
<kw name="Open Browser" owner="SeleniumLibrary">
<msg time="2025-02-12T12:43:43.597055" level="INFO">Opening browser 'Chrome' to base url 'http://127.0.0.1:8000/'.</msg>
<msg time="2025-02-12T12:43:50.055625" level="INFO" html="true">&lt;/td&gt;&lt;/tr&gt;&lt;tr&gt;&lt;td colspan="3"&gt;&lt;a href="selenium-screenshot-2.png"&gt;&lt;img src="selenium-screenshot-2.png" width="800px"&gt;&lt;/a&gt;</msg>
<msg time="2025-02-12T12:43:50.055835" level="FAIL">WebDriverException: Message: unknown error: net::ERR_CONNECTION_REFUSED
  (Session info: chrome=133.0.6943.59)
Stacktrace:
	GetHandleVerifier [0x00007FF69D5D2EC5+28789]
	(No symbol) [0x00007FF69D53F870]
	(No symbol) [0x00007FF69D3D8F9A]
	(No symbol) [0x00007FF69D3D5936]
	(No symbol) [0x00007FF69D3C6709]
	(No symbol) [0x00007FF69D3C8478]
	(No symbol) [0x00007FF69D3C6A16]
	(No symbol) [0x00007FF69D3C6496]
	(No symbol) [0x00007FF69D3C615A]
	(No symbol) [0x00007FF69D3C3CEE]
	(No symbol) [0x00007FF69D3C45CC]
	(No symbol) [0x00007FF69D3DCDEA]
	(No symbol) [0x00007FF69D48057E]
	(No symbol) [0x00007FF69D45721A]
	(No symbol) [0x00007FF69D47F6C3]
	(No symbol) [0x00007FF69D456FF3]
	(No symbol) [0x00007FF69D41FF0E]
	(No symbol) [0x00007FF69D421193]
	GetHandleVerifier [0x00007FF69D91D5FD+3479469]
	GetHandleVerifier [0x00007FF69D9371A3+3584851]
	GetHandleVerifier [0x00007FF69D92C44D+3540477]
	GetHandleVerifier [0x00007FF69D698B6A+838938]
	(No symbol) [0x00007FF69D54A4EF]
	(No symbol) [0x00007FF69D546954]
	(No symbol) [0x00007FF69D546AF6]
	(No symbol) [0x00007FF69D536499]
	BaseThreadInitThunk [0x00007FFEB0C2E8D7+23]
	RtlUserThreadStart [0x00007FFEB2DBBF2C+44]
</msg>
<arg>${URL}</arg>
<arg>${BROWSER}</arg>
<doc>Opens a new browser instance to the optional ``url``.</doc>
<status status="FAIL" start="2025-02-12T12:43:43.596762" elapsed="6.461520">WebDriverException: Message: unknown error: net::ERR_CONNECTION_REFUSED
  (Session info: chrome=133.0.6943.59)
Stacktrace:
	GetHandleVerifier [0x00007FF69D5D2EC5+28789]
	(No symbol) [0x00007FF69D53F870]
	(No symbol) [0x00007FF69D3D8F9A]
	(No symbol) [0x00007FF69D3D5936]
	(No symbol) [0x00007FF69D3C6709]
	(No symbol) [0x00007FF69D3C8478]
	(No symbol) [0x00007FF69D3C6A16]
	(No symbol) [0x00007FF69D3C6496]
	(No symbol) [0x00007FF69D3C615A]
	(No symbol) [0x00007FF69D3C3CEE]
	(No symbol) [0x00007FF69D3C45CC]
	(No symbol) [0x00007FF69D3DCDEA]
	(No symbol) [0x00007FF69D48057E]
	(No symbol) [0x00007FF69D45721A]
	(No symbol) [0x00007FF69D47F6C3]
	(No symbol) [0x00007FF69D456FF3]
	(No symbol) [0x00007FF69D41FF0E]
	(No symbol) [0x00007FF69D421193]
	GetHandleVerifier [0x00007FF69D91D5FD+3479469]
	GetHandleVerifier [0x00007FF69D9371A3+3584851]
	GetHandleVerifier [0x00007FF69D92C44D+3540477]
	GetHandleVerifier [0x00007FF69D698B6A+838938]
	(No symbol) [0x00007FF69D54A4EF]
	(No symbol) [0x00007FF69D546954]
	(No symbol) [0x00007FF69D546AF6]
	(No symbol) [0x00007FF69D536499]
	BaseThreadInitThunk [0x00007FFEB0C2E8D7+23]
	RtlUserThreadStart [0x00007FFEB2DBBF2C+44]
</status>
</kw>
<kw name="Maximize Browser Window" owner="SeleniumLibrary">
<doc>Maximizes current browser window.</doc>
<status status="NOT RUN" start="2025-02-12T12:43:50.058707" elapsed="0.000057"/>
</kw>
<kw name="Sleep" owner="BuiltIn">
<arg>2s</arg>
<doc>Pauses the test executed for the given time.</doc>
<status status="NOT RUN" start="2025-02-12T12:43:50.058908" elapsed="0.000071"/>
</kw>
<kw name="Wait Until Page Contains Element" owner="SeleniumLibrary">
<arg>${IMAGE}</arg>
<arg>timeout=5s</arg>
<doc>Waits until the element ``locator`` appears on the current page.</doc>
<status status="NOT RUN" start="2025-02-12T12:43:50.059181" elapsed="0.000040"/>
</kw>
<status status="FAIL" start="2025-02-12T12:43:43.596168" elapsed="6.463247">WebDriverException: Message: unknown error: net::ERR_CONNECTION_REFUSED
  (Session info: chrome=133.0.6943.59)
Stacktrace:
	GetHandleVerifier [0x00007FF69D5D2EC5+28789]
	(No symbol) [0x00007FF69D53F870]
	(No symbol) [0x00007FF69D3D8F9A]
	(No symbol) [0x00007FF69D3D5936]
	(No symbol) [0x00007FF69D3C6709]
	(No symbol) [0x00007FF69D3C8478]
	(No symbol) [0x00007FF69D3C6A16]
	(No symbol) [0x00007FF69D3C6496]
	(No symbol) [0x00007FF69D3C615A]
	(No symbol) [0x00007FF69D3C3CEE]
	(No symbol) [0x00007FF69D3C45CC]
	(No symbol) [0x00007FF69D3DCDEA]
	(No symbol) [0x00007FF69D48057E]
	(No symbol) [0x00007FF69D45721A]
	(No symbol) [0x00007FF69D47F6C3]
	(No symbol) [0x00007FF69D456FF3]
	(No symbol) [0x00007FF69D41FF0E]
	(No symbol) [0x00007FF69D421193]
	GetHandleVerifier [0x00007FF69D91D5FD+3479469]
	GetHandleVerifier [0x00007FF69D9371A3+3584851]
	GetHandleVerifier [0x00007FF69D92C44D+3540477]
	GetHandleVerifier [0x00007FF69D698B6A+838938]
	(No symbol) [0x00007FF69D54A4EF]
	(No symbol) [0x00007FF69D546954]
	(No symbol) [0x00007FF69D546AF6]
	(No symbol) [0x00007FF69D536499]
	BaseThreadInitThunk [0x00007FFEB0C2E8D7+23]
	RtlUserThreadStart [0x00007FFEB2DBBF2C+44]
</status>
</kw>
<kw name="Click Invalid Next Button" owner="resource">
<status status="NOT RUN" start="2025-02-12T12:43:50.059912" elapsed="0.000054"/>
</kw>
<kw name="Close Browser" owner="SeleniumLibrary">
<doc>Closes the current browser.</doc>
<status status="NOT RUN" start="2025-02-12T12:43:50.060296" elapsed="0.000048"/>
</kw>
<status status="FAIL" start="2025-02-12T12:43:43.595580" elapsed="6.465180">WebDriverException: Message: unknown error: net::ERR_CONNECTION_REFUSED
  (Session info: chrome=133.0.6943.59)
Stacktrace:
	GetHandleVerifier [0x00007FF69D5D2EC5+28789]
	(No symbol) [0x00007FF69D53F870]
	(No symbol) [0x00007FF69D3D8F9A]
	(No symbol) [0x00007FF69D3D5936]
	(No symbol) [0x00007FF69D3C6709]
	(No symbol) [0x00007FF69D3C8478]
	(No symbol) [0x00007FF69D3C6A16]
	(No symbol) [0x00007FF69D3C6496]
	(No symbol) [0x00007FF69D3C615A]
	(No symbol) [0x00007FF69D3C3CEE]
	(No symbol) [0x00007FF69D3C45CC]
	(No symbol) [0x00007FF69D3DCDEA]
	(No symbol) [0x00007FF69D48057E]
	(No symbol) [0x00007FF69D45721A]
	(No symbol) [0x00007FF69D47F6C3]
	(No symbol) [0x00007FF69D456FF3]
	(No symbol) [0x00007FF69D41FF0E]
	(No symbol) [0x00007FF69D421193]
	GetHandleVerifier [0x00007FF69D91D5FD+3479469]
	GetHandleVerifier [0x00007FF69D9371A3+3584851]
	GetHandleVerifier [0x00007FF69D92C44D+3540477]
	GetHandleVerifier [0x00007FF69D698B6A+838938]
	(No symbol) [0x00007FF69D54A4EF]
	(No symbol) [0x00007FF69D546954]
	(No symbol) [0x00007FF69D546AF6]
	(No symbol) [0x00007FF69D536499]
	BaseThreadInitThunk [0x00007FFEB0C2E8D7+23]
	RtlUserThreadStart [0x00007FFEB2DBBF2C+44]
</status>
</test>
<test id="s1-s1-t4" name="Test Invalid Prev Button Click" line="21">
<kw name="Open Web Page" owner="resource">
<kw name="Open Browser" owner="SeleniumLibrary">
<msg time="2025-02-12T12:43:50.063533" level="INFO">Opening browser 'Chrome' to base url 'http://127.0.0.1:8000/'.</msg>
<msg time="2025-02-12T12:43:56.627186" level="INFO" html="true">&lt;/td&gt;&lt;/tr&gt;&lt;tr&gt;&lt;td colspan="3"&gt;&lt;a href="selenium-screenshot-3.png"&gt;&lt;img src="selenium-screenshot-3.png" width="800px"&gt;&lt;/a&gt;</msg>
<msg time="2025-02-12T12:43:56.632362" level="FAIL">WebDriverException: Message: unknown error: net::ERR_CONNECTION_REFUSED
  (Session info: chrome=133.0.6943.59)
Stacktrace:
	GetHandleVerifier [0x00007FF69D5D2EC5+28789]
	(No symbol) [0x00007FF69D53F870]
	(No symbol) [0x00007FF69D3D8F9A]
	(No symbol) [0x00007FF69D3D5936]
	(No symbol) [0x00007FF69D3C6709]
	(No symbol) [0x00007FF69D3C8478]
	(No symbol) [0x00007FF69D3C6A16]
	(No symbol) [0x00007FF69D3C6496]
	(No symbol) [0x00007FF69D3C615A]
	(No symbol) [0x00007FF69D3C3CEE]
	(No symbol) [0x00007FF69D3C45CC]
	(No symbol) [0x00007FF69D3DCDEA]
	(No symbol) [0x00007FF69D48057E]
	(No symbol) [0x00007FF69D45721A]
	(No symbol) [0x00007FF69D47F6C3]
	(No symbol) [0x00007FF69D456FF3]
	(No symbol) [0x00007FF69D41FF0E]
	(No symbol) [0x00007FF69D421193]
	GetHandleVerifier [0x00007FF69D91D5FD+3479469]
	GetHandleVerifier [0x00007FF69D9371A3+3584851]
	GetHandleVerifier [0x00007FF69D92C44D+3540477]
	GetHandleVerifier [0x00007FF69D698B6A+838938]
	(No symbol) [0x00007FF69D54A4EF]
	(No symbol) [0x00007FF69D546954]
	(No symbol) [0x00007FF69D546AF6]
	(No symbol) [0x00007FF69D536499]
	BaseThreadInitThunk [0x00007FFEB0C2E8D7+23]
	RtlUserThreadStart [0x00007FFEB2DBBF2C+44]
</msg>
<arg>${URL}</arg>
<arg>${BROWSER}</arg>
<doc>Opens a new browser instance to the optional ``url``.</doc>
<status status="FAIL" start="2025-02-12T12:43:50.063248" elapsed="6.575696">WebDriverException: Message: unknown error: net::ERR_CONNECTION_REFUSED
  (Session info: chrome=133.0.6943.59)
Stacktrace:
	GetHandleVerifier [0x00007FF69D5D2EC5+28789]
	(No symbol) [0x00007FF69D53F870]
	(No symbol) [0x00007FF69D3D8F9A]
	(No symbol) [0x00007FF69D3D5936]
	(No symbol) [0x00007FF69D3C6709]
	(No symbol) [0x00007FF69D3C8478]
	(No symbol) [0x00007FF69D3C6A16]
	(No symbol) [0x00007FF69D3C6496]
	(No symbol) [0x00007FF69D3C615A]
	(No symbol) [0x00007FF69D3C3CEE]
	(No symbol) [0x00007FF69D3C45CC]
	(No symbol) [0x00007FF69D3DCDEA]
	(No symbol) [0x00007FF69D48057E]
	(No symbol) [0x00007FF69D45721A]
	(No symbol) [0x00007FF69D47F6C3]
	(No symbol) [0x00007FF69D456FF3]
	(No symbol) [0x00007FF69D41FF0E]
	(No symbol) [0x00007FF69D421193]
	GetHandleVerifier [0x00007FF69D91D5FD+3479469]
	GetHandleVerifier [0x00007FF69D9371A3+3584851]
	GetHandleVerifier [0x00007FF69D92C44D+3540477]
	GetHandleVerifier [0x00007FF69D698B6A+838938]
	(No symbol) [0x00007FF69D54A4EF]
	(No symbol) [0x00007FF69D546954]
	(No symbol) [0x00007FF69D546AF6]
	(No symbol) [0x00007FF69D536499]
	BaseThreadInitThunk [0x00007FFEB0C2E8D7+23]
	RtlUserThreadStart [0x00007FFEB2DBBF2C+44]
</status>
</kw>
<kw name="Maximize Browser Window" owner="SeleniumLibrary">
<doc>Maximizes current browser window.</doc>
<status status="NOT RUN" start="2025-02-12T12:43:56.639916" elapsed="0.000091"/>
</kw>
<kw name="Sleep" owner="BuiltIn">
<arg>2s</arg>
<doc>Pauses the test executed for the given time.</doc>
<status status="NOT RUN" start="2025-02-12T12:43:56.640278" elapsed="0.000062"/>
</kw>
<kw name="Wait Until Page Contains Element" owner="SeleniumLibrary">
<arg>${IMAGE}</arg>
<arg>timeout=5s</arg>
<doc>Waits until the element ``locator`` appears on the current page.</doc>
<status status="NOT RUN" start="2025-02-12T12:43:56.640560" elapsed="0.000056"/>
</kw>
<status status="FAIL" start="2025-02-12T12:43:50.062868" elapsed="6.590905">WebDriverException: Message: unknown error: net::ERR_CONNECTION_REFUSED
  (Session info: chrome=133.0.6943.59)
Stacktrace:
	GetHandleVerifier [0x00007FF69D5D2EC5+28789]
	(No symbol) [0x00007FF69D53F870]
	(No symbol) [0x00007FF69D3D8F9A]
	(No symbol) [0x00007FF69D3D5936]
	(No symbol) [0x00007FF69D3C6709]
	(No symbol) [0x00007FF69D3C8478]
	(No symbol) [0x00007FF69D3C6A16]
	(No symbol) [0x00007FF69D3C6496]
	(No symbol) [0x00007FF69D3C615A]
	(No symbol) [0x00007FF69D3C3CEE]
	(No symbol) [0x00007FF69D3C45CC]
	(No symbol) [0x00007FF69D3DCDEA]
	(No symbol) [0x00007FF69D48057E]
	(No symbol) [0x00007FF69D45721A]
	(No symbol) [0x00007FF69D47F6C3]
	(No symbol) [0x00007FF69D456FF3]
	(No symbol) [0x00007FF69D41FF0E]
	(No symbol) [0x00007FF69D421193]
	GetHandleVerifier [0x00007FF69D91D5FD+3479469]
	GetHandleVerifier [0x00007FF69D9371A3+3584851]
	GetHandleVerifier [0x00007FF69D92C44D+3540477]
	GetHandleVerifier [0x00007FF69D698B6A+838938]
	(No symbol) [0x00007FF69D54A4EF]
	(No symbol) [0x00007FF69D546954]
	(No symbol) [0x00007FF69D546AF6]
	(No symbol) [0x00007FF69D536499]
	BaseThreadInitThunk [0x00007FFEB0C2E8D7+23]
	RtlUserThreadStart [0x00007FFEB2DBBF2C+44]
</status>
</kw>
<kw name="Click Invalid Prev Button" owner="resource">
<status status="NOT RUN" start="2025-02-12T12:43:56.656616" elapsed="0.000090"/>
</kw>
<kw name="Close Browser" owner="SeleniumLibrary">
<doc>Closes the current browser.</doc>
<status status="NOT RUN" start="2025-02-12T12:43:56.665426" elapsed="0.000122"/>
</kw>
<status status="FAIL" start="2025-02-12T12:43:50.062137" elapsed="6.607378">WebDriverException: Message: unknown error: net::ERR_CONNECTION_REFUSED
  (Session info: chrome=133.0.6943.59)
Stacktrace:
	GetHandleVerifier [0x00007FF69D5D2EC5+28789]
	(No symbol) [0x00007FF69D53F870]
	(No symbol) [0x00007FF69D3D8F9A]
	(No symbol) [0x00007FF69D3D5936]
	(No symbol) [0x00007FF69D3C6709]
	(No symbol) [0x00007FF69D3C8478]
	(No symbol) [0x00007FF69D3C6A16]
	(No symbol) [0x00007FF69D3C6496]
	(No symbol) [0x00007FF69D3C615A]
	(No symbol) [0x00007FF69D3C3CEE]
	(No symbol) [0x00007FF69D3C45CC]
	(No symbol) [0x00007FF69D3DCDEA]
	(No symbol) [0x00007FF69D48057E]
	(No symbol) [0x00007FF69D45721A]
	(No symbol) [0x00007FF69D47F6C3]
	(No symbol) [0x00007FF69D456FF3]
	(No symbol) [0x00007FF69D41FF0E]
	(No symbol) [0x00007FF69D421193]
	GetHandleVerifier [0x00007FF69D91D5FD+3479469]
	GetHandleVerifier [0x00007FF69D9371A3+3584851]
	GetHandleVerifier [0x00007FF69D92C44D+3540477]
	GetHandleVerifier [0x00007FF69D698B6A+838938]
	(No symbol) [0x00007FF69D54A4EF]
	(No symbol) [0x00007FF69D546954]
	(No symbol) [0x00007FF69D546AF6]
	(No symbol) [0x00007FF69D536499]
	BaseThreadInitThunk [0x00007FFEB0C2E8D7+23]
	RtlUserThreadStart [0x00007FFEB2DBBF2C+44]
</status>
</test>
<status status="FAIL" start="2025-02-12T12:43:26.962279" elapsed="29.730935"/>
</suite>
<suite id="s1-s2" name="Valid Highlight Test" source="C:\SoftEn\git-group-repository-group-5-sec-2\Test\test_highlight_view\valid_highlight_test.robot">
<test id="s1-s2-t1" name="Test Clicking Highlight Paper Image" line="6">
<kw name="Open Web Page" owner="resource">
<kw name="Open Browser" owner="SeleniumLibrary">
<msg time="2025-02-12T12:43:56.747300" level="INFO">Opening browser 'Chrome' to base url 'http://127.0.0.1:8000/'.</msg>
<arg>${URL}</arg>
<arg>${BROWSER}</arg>
<doc>Opens a new browser instance to the optional ``url``.</doc>
<status status="PASS" start="2025-02-12T12:43:56.736026" elapsed="4.704909"/>
</kw>
<kw name="Maximize Browser Window" owner="SeleniumLibrary">
<doc>Maximizes current browser window.</doc>
<status status="PASS" start="2025-02-12T12:44:01.441233" elapsed="0.131562"/>
</kw>
<kw name="Sleep" owner="BuiltIn">
<msg time="2025-02-12T12:44:03.573894" level="INFO">Slept 2 seconds.</msg>
<arg>2s</arg>
<doc>Pauses the test executed for the given time.</doc>
<status status="PASS" start="2025-02-12T12:44:01.573143" elapsed="2.000975"/>
</kw>
<kw name="Wait Until Page Contains Element" owner="SeleniumLibrary">
<msg time="2025-02-12T12:44:08.902400" level="INFO" html="true">&lt;/td&gt;&lt;/tr&gt;&lt;tr&gt;&lt;td colspan="3"&gt;&lt;a href="selenium-screenshot-4.png"&gt;&lt;img src="selenium-screenshot-4.png" width="800px"&gt;&lt;/a&gt;</msg>
<msg time="2025-02-12T12:44:08.902672" level="FAIL">Element '//img[contains(@class, 'hl-image')]' did not appear in 5 seconds.</msg>
<arg>${IMAGE}</arg>
<arg>timeout=5s</arg>
<doc>Waits until the element ``locator`` appears on the current page.</doc>
<status status="FAIL" start="2025-02-12T12:44:03.574428" elapsed="5.329831">Element '//img[contains(@class, 'hl-image')]' did not appear in 5 seconds.</status>
</kw>
<status status="FAIL" start="2025-02-12T12:43:56.735056" elapsed="12.169459">Element '//img[contains(@class, 'hl-image')]' did not appear in 5 seconds.</status>
</kw>
<kw name="Click Highlight Paper Image" owner="resource">
<status status="NOT RUN" start="2025-02-12T12:44:08.905011" elapsed="0.000064"/>
</kw>
<status status="FAIL" start="2025-02-12T12:43:56.726903" elapsed="12.178526">Element '//img[contains(@class, 'hl-image')]' did not appear in 5 seconds.</status>
</test>
<test id="s1-s2-t2" name="Test Clicking Highlight Teacher Title" line="10">
<kw name="Open Web Page" owner="resource">
<kw name="Open Browser" owner="SeleniumLibrary">
<msg time="2025-02-12T12:44:08.907872" level="INFO">Opening browser 'Chrome' to base url 'http://127.0.0.1:8000/'.</msg>
<msg time="2025-02-12T12:44:15.769969" level="INFO" html="true">&lt;/td&gt;&lt;/tr&gt;&lt;tr&gt;&lt;td colspan="3"&gt;&lt;a href="selenium-screenshot-5.png"&gt;&lt;img src="selenium-screenshot-5.png" width="800px"&gt;&lt;/a&gt;</msg>
<msg time="2025-02-12T12:44:15.770168" level="FAIL">WebDriverException: Message: unknown error: net::ERR_CONNECTION_REFUSED
  (Session info: chrome=133.0.6943.59)
Stacktrace:
	GetHandleVerifier [0x00007FF69D5D2EC5+28789]
	(No symbol) [0x00007FF69D53F870]
	(No symbol) [0x00007FF69D3D8F9A]
	(No symbol) [0x00007FF69D3D5936]
	(No symbol) [0x00007FF69D3C6709]
	(No symbol) [0x00007FF69D3C8478]
	(No symbol) [0x00007FF69D3C6A16]
	(No symbol) [0x00007FF69D3C6496]
	(No symbol) [0x00007FF69D3C615A]
	(No symbol) [0x00007FF69D3C3CEE]
	(No symbol) [0x00007FF69D3C45CC]
	(No symbol) [0x00007FF69D3DCDEA]
	(No symbol) [0x00007FF69D48057E]
	(No symbol) [0x00007FF69D45721A]
	(No symbol) [0x00007FF69D47F6C3]
	(No symbol) [0x00007FF69D456FF3]
	(No symbol) [0x00007FF69D41FF0E]
	(No symbol) [0x00007FF69D421193]
	GetHandleVerifier [0x00007FF69D91D5FD+3479469]
	GetHandleVerifier [0x00007FF69D9371A3+3584851]
	GetHandleVerifier [0x00007FF69D92C44D+3540477]
	GetHandleVerifier [0x00007FF69D698B6A+838938]
	(No symbol) [0x00007FF69D54A4EF]
	(No symbol) [0x00007FF69D546954]
	(No symbol) [0x00007FF69D546AF6]
	(No symbol) [0x00007FF69D536499]
	BaseThreadInitThunk [0x00007FFEB0C2E8D7+23]
	RtlUserThreadStart [0x00007FFEB2DBBF2C+44]
</msg>
<arg>${URL}</arg>
<arg>${BROWSER}</arg>
<doc>Opens a new browser instance to the optional ``url``.</doc>
<status status="FAIL" start="2025-02-12T12:44:08.907501" elapsed="6.864549">WebDriverException: Message: unknown error: net::ERR_CONNECTION_REFUSED
  (Session info: chrome=133.0.6943.59)
Stacktrace:
	GetHandleVerifier [0x00007FF69D5D2EC5+28789]
	(No symbol) [0x00007FF69D53F870]
	(No symbol) [0x00007FF69D3D8F9A]
	(No symbol) [0x00007FF69D3D5936]
	(No symbol) [0x00007FF69D3C6709]
	(No symbol) [0x00007FF69D3C8478]
	(No symbol) [0x00007FF69D3C6A16]
	(No symbol) [0x00007FF69D3C6496]
	(No symbol) [0x00007FF69D3C615A]
	(No symbol) [0x00007FF69D3C3CEE]
	(No symbol) [0x00007FF69D3C45CC]
	(No symbol) [0x00007FF69D3DCDEA]
	(No symbol) [0x00007FF69D48057E]
	(No symbol) [0x00007FF69D45721A]
	(No symbol) [0x00007FF69D47F6C3]
	(No symbol) [0x00007FF69D456FF3]
	(No symbol) [0x00007FF69D41FF0E]
	(No symbol) [0x00007FF69D421193]
	GetHandleVerifier [0x00007FF69D91D5FD+3479469]
	GetHandleVerifier [0x00007FF69D9371A3+3584851]
	GetHandleVerifier [0x00007FF69D92C44D+3540477]
	GetHandleVerifier [0x00007FF69D698B6A+838938]
	(No symbol) [0x00007FF69D54A4EF]
	(No symbol) [0x00007FF69D546954]
	(No symbol) [0x00007FF69D546AF6]
	(No symbol) [0x00007FF69D536499]
	BaseThreadInitThunk [0x00007FFEB0C2E8D7+23]
	RtlUserThreadStart [0x00007FFEB2DBBF2C+44]
</status>
</kw>
<kw name="Maximize Browser Window" owner="SeleniumLibrary">
<doc>Maximizes current browser window.</doc>
<status status="NOT RUN" start="2025-02-12T12:44:15.772319" elapsed="0.000049"/>
</kw>
<kw name="Sleep" owner="BuiltIn">
<arg>2s</arg>
<doc>Pauses the test executed for the given time.</doc>
<status status="NOT RUN" start="2025-02-12T12:44:15.772508" elapsed="0.000038"/>
</kw>
<kw name="Wait Until Page Contains Element" owner="SeleniumLibrary">
<arg>${IMAGE}</arg>
<arg>timeout=5s</arg>
<doc>Waits until the element ``locator`` appears on the current page.</doc>
<status status="NOT RUN" start="2025-02-12T12:44:15.772678" elapsed="0.000036"/>
</kw>
<status status="FAIL" start="2025-02-12T12:44:08.907133" elapsed="6.865757">WebDriverException: Message: unknown error: net::ERR_CONNECTION_REFUSED
  (Session info: chrome=133.0.6943.59)
Stacktrace:
	GetHandleVerifier [0x00007FF69D5D2EC5+28789]
	(No symbol) [0x00007FF69D53F870]
	(No symbol) [0x00007FF69D3D8F9A]
	(No symbol) [0x00007FF69D3D5936]
	(No symbol) [0x00007FF69D3C6709]
	(No symbol) [0x00007FF69D3C8478]
	(No symbol) [0x00007FF69D3C6A16]
	(No symbol) [0x00007FF69D3C6496]
	(No symbol) [0x00007FF69D3C615A]
	(No symbol) [0x00007FF69D3C3CEE]
	(No symbol) [0x00007FF69D3C45CC]
	(No symbol) [0x00007FF69D3DCDEA]
	(No symbol) [0x00007FF69D48057E]
	(No symbol) [0x00007FF69D45721A]
	(No symbol) [0x00007FF69D47F6C3]
	(No symbol) [0x00007FF69D456FF3]
	(No symbol) [0x00007FF69D41FF0E]
	(No symbol) [0x00007FF69D421193]
	GetHandleVerifier [0x00007FF69D91D5FD+3479469]
	GetHandleVerifier [0x00007FF69D9371A3+3584851]
	GetHandleVerifier [0x00007FF69D92C44D+3540477]
	GetHandleVerifier [0x00007FF69D698B6A+838938]
	(No symbol) [0x00007FF69D54A4EF]
	(No symbol) [0x00007FF69D546954]
	(No symbol) [0x00007FF69D546AF6]
	(No symbol) [0x00007FF69D536499]
	BaseThreadInitThunk [0x00007FFEB0C2E8D7+23]
	RtlUserThreadStart [0x00007FFEB2DBBF2C+44]
</status>
</kw>
<kw name="Click Teacher Title" owner="resource">
<status status="NOT RUN" start="2025-02-12T12:44:15.773454" elapsed="0.000068"/>
</kw>
<status status="FAIL" start="2025-02-12T12:44:08.906570" elapsed="6.867335">WebDriverException: Message: unknown error: net::ERR_CONNECTION_REFUSED
  (Session info: chrome=133.0.6943.59)
Stacktrace:
	GetHandleVerifier [0x00007FF69D5D2EC5+28789]
	(No symbol) [0x00007FF69D53F870]
	(No symbol) [0x00007FF69D3D8F9A]
	(No symbol) [0x00007FF69D3D5936]
	(No symbol) [0x00007FF69D3C6709]
	(No symbol) [0x00007FF69D3C8478]
	(No symbol) [0x00007FF69D3C6A16]
	(No symbol) [0x00007FF69D3C6496]
	(No symbol) [0x00007FF69D3C615A]
	(No symbol) [0x00007FF69D3C3CEE]
	(No symbol) [0x00007FF69D3C45CC]
	(No symbol) [0x00007FF69D3DCDEA]
	(No symbol) [0x00007FF69D48057E]
	(No symbol) [0x00007FF69D45721A]
	(No symbol) [0x00007FF69D47F6C3]
	(No symbol) [0x00007FF69D456FF3]
	(No symbol) [0x00007FF69D41FF0E]
	(No symbol) [0x00007FF69D421193]
	GetHandleVerifier [0x00007FF69D91D5FD+3479469]
	GetHandleVerifier [0x00007FF69D9371A3+3584851]
	GetHandleVerifier [0x00007FF69D92C44D+3540477]
	GetHandleVerifier [0x00007FF69D698B6A+838938]
	(No symbol) [0x00007FF69D54A4EF]
	(No symbol) [0x00007FF69D546954]
	(No symbol) [0x00007FF69D546AF6]
	(No symbol) [0x00007FF69D536499]
	BaseThreadInitThunk [0x00007FFEB0C2E8D7+23]
	RtlUserThreadStart [0x00007FFEB2DBBF2C+44]
</status>
</test>
<test id="s1-s2-t3" name="Test Carousel Navigation" line="14">
<kw name="Open Web Page" owner="resource">
<kw name="Open Browser" owner="SeleniumLibrary">
<msg time="2025-02-12T12:44:15.776522" level="INFO">Opening browser 'Chrome' to base url 'http://127.0.0.1:8000/'.</msg>
<msg time="2025-02-12T12:44:22.609196" level="INFO" html="true">&lt;/td&gt;&lt;/tr&gt;&lt;tr&gt;&lt;td colspan="3"&gt;&lt;a href="selenium-screenshot-6.png"&gt;&lt;img src="selenium-screenshot-6.png" width="800px"&gt;&lt;/a&gt;</msg>
<msg time="2025-02-12T12:44:22.609552" level="FAIL">WebDriverException: Message: unknown error: net::ERR_CONNECTION_REFUSED
  (Session info: chrome=133.0.6943.59)
Stacktrace:
	GetHandleVerifier [0x00007FF69D5D2EC5+28789]
	(No symbol) [0x00007FF69D53F870]
	(No symbol) [0x00007FF69D3D8F9A]
	(No symbol) [0x00007FF69D3D5936]
	(No symbol) [0x00007FF69D3C6709]
	(No symbol) [0x00007FF69D3C8478]
	(No symbol) [0x00007FF69D3C6A16]
	(No symbol) [0x00007FF69D3C6496]
	(No symbol) [0x00007FF69D3C615A]
	(No symbol) [0x00007FF69D3C3CEE]
	(No symbol) [0x00007FF69D3C45CC]
	(No symbol) [0x00007FF69D3DCDEA]
	(No symbol) [0x00007FF69D48057E]
	(No symbol) [0x00007FF69D45721A]
	(No symbol) [0x00007FF69D47F6C3]
	(No symbol) [0x00007FF69D456FF3]
	(No symbol) [0x00007FF69D41FF0E]
	(No symbol) [0x00007FF69D421193]
	GetHandleVerifier [0x00007FF69D91D5FD+3479469]
	GetHandleVerifier [0x00007FF69D9371A3+3584851]
	GetHandleVerifier [0x00007FF69D92C44D+3540477]
	GetHandleVerifier [0x00007FF69D698B6A+838938]
	(No symbol) [0x00007FF69D54A4EF]
	(No symbol) [0x00007FF69D546954]
	(No symbol) [0x00007FF69D546AF6]
	(No symbol) [0x00007FF69D536499]
	BaseThreadInitThunk [0x00007FFEB0C2E8D7+23]
	RtlUserThreadStart [0x00007FFEB2DBBF2C+44]
</msg>
<arg>${URL}</arg>
<arg>${BROWSER}</arg>
<doc>Opens a new browser instance to the optional ``url``.</doc>
<status status="FAIL" start="2025-02-12T12:44:15.776256" elapsed="6.837144">WebDriverException: Message: unknown error: net::ERR_CONNECTION_REFUSED
  (Session info: chrome=133.0.6943.59)
Stacktrace:
	GetHandleVerifier [0x00007FF69D5D2EC5+28789]
	(No symbol) [0x00007FF69D53F870]
	(No symbol) [0x00007FF69D3D8F9A]
	(No symbol) [0x00007FF69D3D5936]
	(No symbol) [0x00007FF69D3C6709]
	(No symbol) [0x00007FF69D3C8478]
	(No symbol) [0x00007FF69D3C6A16]
	(No symbol) [0x00007FF69D3C6496]
	(No symbol) [0x00007FF69D3C615A]
	(No symbol) [0x00007FF69D3C3CEE]
	(No symbol) [0x00007FF69D3C45CC]
	(No symbol) [0x00007FF69D3DCDEA]
	(No symbol) [0x00007FF69D48057E]
	(No symbol) [0x00007FF69D45721A]
	(No symbol) [0x00007FF69D47F6C3]
	(No symbol) [0x00007FF69D456FF3]
	(No symbol) [0x00007FF69D41FF0E]
	(No symbol) [0x00007FF69D421193]
	GetHandleVerifier [0x00007FF69D91D5FD+3479469]
	GetHandleVerifier [0x00007FF69D9371A3+3584851]
	GetHandleVerifier [0x00007FF69D92C44D+3540477]
	GetHandleVerifier [0x00007FF69D698B6A+838938]
	(No symbol) [0x00007FF69D54A4EF]
	(No symbol) [0x00007FF69D546954]
	(No symbol) [0x00007FF69D546AF6]
	(No symbol) [0x00007FF69D536499]
	BaseThreadInitThunk [0x00007FFEB0C2E8D7+23]
	RtlUserThreadStart [0x00007FFEB2DBBF2C+44]
</status>
</kw>
<kw name="Maximize Browser Window" owner="SeleniumLibrary">
<doc>Maximizes current browser window.</doc>
<status status="NOT RUN" start="2025-02-12T12:44:22.613740" elapsed="0.000059"/>
</kw>
<kw name="Sleep" owner="BuiltIn">
<arg>2s</arg>
<doc>Pauses the test executed for the given time.</doc>
<status status="NOT RUN" start="2025-02-12T12:44:22.613987" elapsed="0.000049"/>
</kw>
<kw name="Wait Until Page Contains Element" owner="SeleniumLibrary">
<arg>${IMAGE}</arg>
<arg>timeout=5s</arg>
<doc>Waits until the element ``locator`` appears on the current page.</doc>
<status status="NOT RUN" start="2025-02-12T12:44:22.614211" elapsed="0.000048"/>
</kw>
<status status="FAIL" start="2025-02-12T12:44:15.775918" elapsed="6.838651">WebDriverException: Message: unknown error: net::ERR_CONNECTION_REFUSED
  (Session info: chrome=133.0.6943.59)
Stacktrace:
	GetHandleVerifier [0x00007FF69D5D2EC5+28789]
	(No symbol) [0x00007FF69D53F870]
	(No symbol) [0x00007FF69D3D8F9A]
	(No symbol) [0x00007FF69D3D5936]
	(No symbol) [0x00007FF69D3C6709]
	(No symbol) [0x00007FF69D3C8478]
	(No symbol) [0x00007FF69D3C6A16]
	(No symbol) [0x00007FF69D3C6496]
	(No symbol) [0x00007FF69D3C615A]
	(No symbol) [0x00007FF69D3C3CEE]
	(No symbol) [0x00007FF69D3C45CC]
	(No symbol) [0x00007FF69D3DCDEA]
	(No symbol) [0x00007FF69D48057E]
	(No symbol) [0x00007FF69D45721A]
	(No symbol) [0x00007FF69D47F6C3]
	(No symbol) [0x00007FF69D456FF3]
	(No symbol) [0x00007FF69D41FF0E]
	(No symbol) [0x00007FF69D421193]
	GetHandleVerifier [0x00007FF69D91D5FD+3479469]
	GetHandleVerifier [0x00007FF69D9371A3+3584851]
	GetHandleVerifier [0x00007FF69D92C44D+3540477]
	GetHandleVerifier [0x00007FF69D698B6A+838938]
	(No symbol) [0x00007FF69D54A4EF]
	(No symbol) [0x00007FF69D546954]
	(No symbol) [0x00007FF69D546AF6]
	(No symbol) [0x00007FF69D536499]
	BaseThreadInitThunk [0x00007FFEB0C2E8D7+23]
	RtlUserThreadStart [0x00007FFEB2DBBF2C+44]
</status>
</kw>
<kw name="Click Next Button" owner="resource">
<status status="NOT RUN" start="2025-02-12T12:44:22.615292" elapsed="0.000104"/>
</kw>
<kw name="Click Prev Button" owner="resource">
<status status="NOT RUN" start="2025-02-12T12:44:22.618821" elapsed="0.000280"/>
</kw>
<kw name="Close Browser" owner="SeleniumLibrary">
<doc>Closes the current browser.</doc>
<status status="NOT RUN" start="2025-02-12T12:44:22.619615" elapsed="0.000060"/>
</kw>
<status status="FAIL" start="2025-02-12T12:44:15.775327" elapsed="6.844866">WebDriverException: Message: unknown error: net::ERR_CONNECTION_REFUSED
  (Session info: chrome=133.0.6943.59)
Stacktrace:
	GetHandleVerifier [0x00007FF69D5D2EC5+28789]
	(No symbol) [0x00007FF69D53F870]
	(No symbol) [0x00007FF69D3D8F9A]
	(No symbol) [0x00007FF69D3D5936]
	(No symbol) [0x00007FF69D3C6709]
	(No symbol) [0x00007FF69D3C8478]
	(No symbol) [0x00007FF69D3C6A16]
	(No symbol) [0x00007FF69D3C6496]
	(No symbol) [0x00007FF69D3C615A]
	(No symbol) [0x00007FF69D3C3CEE]
	(No symbol) [0x00007FF69D3C45CC]
	(No symbol) [0x00007FF69D3DCDEA]
	(No symbol) [0x00007FF69D48057E]
	(No symbol) [0x00007FF69D45721A]
	(No symbol) [0x00007FF69D47F6C3]
	(No symbol) [0x00007FF69D456FF3]
	(No symbol) [0x00007FF69D41FF0E]
	(No symbol) [0x00007FF69D421193]
	GetHandleVerifier [0x00007FF69D91D5FD+3479469]
	GetHandleVerifier [0x00007FF69D9371A3+3584851]
	GetHandleVerifier [0x00007FF69D92C44D+3540477]
	GetHandleVerifier [0x00007FF69D698B6A+838938]
	(No symbol) [0x00007FF69D54A4EF]
	(No symbol) [0x00007FF69D546954]
	(No symbol) [0x00007FF69D546AF6]
	(No symbol) [0x00007FF69D536499]
	BaseThreadInitThunk [0x00007FFEB0C2E8D7+23]
	RtlUserThreadStart [0x00007FFEB2DBBF2C+44]
</status>
</test>
<status status="FAIL" start="2025-02-12T12:43:56.704398" elapsed="25.917830"/>
</suite>
<status status="FAIL" start="2025-02-12T12:43:26.898227" elapsed="55.725114"/>
</suite>
<statistics>
<total>
<stat pass="0" fail="7" skip="0">All Tests</stat>
</total>
<tag>
</tag>
<suite>
<stat pass="0" fail="7" skip="0" id="s1" name="Test Highlight View">Test Highlight View</stat>
<stat pass="0" fail="4" skip="0" id="s1-s1" name="Invalid Highlight Test">Test Highlight View.Invalid Highlight Test</stat>
<stat pass="0" fail="3" skip="0" id="s1-s2" name="Valid Highlight Test">Test Highlight View.Valid Highlight Test</stat>
</suite>
</statistics>
<errors>
<msg time="2025-02-12T12:43:43.468324" level="WARN">Keyword 'Capture Page Screenshot' could not be run on failure: Message: no such window: target window already closed
from unknown error: web view not found
  (Session info: chrome=133.0.6943.59)
Stacktrace:
	GetHandleVerifier [0x00007FF69D5D2EC5+28789]
	(No symbol) [0x00007FF69D53F870]
	(No symbol) [0x00007FF69D3D8F9A]
	(No symbol) [0x00007FF69D3B1573]
	(No symbol) [0x00007FF69D45EE0E]
	(No symbol) [0x00007FF69D47EFB2]
	(No symbol) [0x00007FF69D456FF3]
	(No symbol) [0x00007FF69D41FF0E]
	(No symbol) [0x00007FF69D421193]
	GetHandleVerifier [0x00007FF69D91D5FD+3479469]
	GetHandleVerifier [0x00007FF69D9371A3+3584851]
	GetHandleVerifier [0x00007FF69D92C44D+3540477]
	GetHandleVerifier [0x00007FF69D698B6A+838938]
	(No symbol) [0x00007FF69D54A4EF]
	(No symbol) [0x00007FF69D546954]
	(No symbol) [0x00007FF69D546AF6]
	(No symbol) [0x00007FF69D536499]
	BaseThreadInitThunk [0x00007FFEB0C2E8D7+23]
	RtlUserThreadStart [0x00007FFEB2DBBF2C+44]
</msg>
</errors>
</robot>
